app/build/intermediates/manifest_merge_blame_file/debug/manifest-merger-blame-debug-report.txt
1<?xml version="1.0" encoding="utf-8"?>
2<manifest xmlns:android="http://schemas.android.com/apk/res/android"
3    package="com.greggz77.retroclock"
4    android:versionCode="1"
5    android:versionName="1.0" >
6
7    <uses-sdk
8        android:minSdkVersion="26"
8-->src\main\AndroidManifest.xml
9        android:targetSdkVersion="29" />
9-->src\main\AndroidManifest.xml
10
11    <application
11-->src\main\AndroidManifest.xml:5:5-40:19
12        android:allowBackup="true"
12-->src\main\AndroidManifest.xml:6:9-35
13        android:appComponentFactory="androidx.core.app.CoreComponentFactory"
13-->[androidx.core:core:1.0.2] AndroidManifest.xml:22:18-86
14        android:debuggable="true"
15        android:icon="@mipmap/ic_launcher"
15-->src\main\AndroidManifest.xml:7:9-43
16        android:label="@string/app_name"
16-->src\main\AndroidManifest.xml:8:9-41
17        android:roundIcon="@mipmap/ic_launcher_round"
17-->src\main\AndroidManifest.xml:9:9-54
18        android:supportsRtl="true"
18-->src\main\AndroidManifest.xml:10:9-35
19        android:testOnly="true"
20        android:theme="@style/AppTheme" >
20-->src\main\AndroidManifest.xml:11:9-40
21        <activity android:name="com.greggz77.retroclock.RetroClockWidgetConfigActivity" >
21-->src\main\AndroidManifest.xml:12:9-16:20
21-->src\main\AndroidManifest.xml:12:19-88
22            <intent-filter>
22-->src\main\AndroidManifest.xml:13:13-15:29
23                <action android:name="android.appwidget.action.APPWIDGET_CONFIGURE" />
23-->src\main\AndroidManifest.xml:14:17-87
23-->src\main\AndroidManifest.xml:14:25-84
24            </intent-filter>
25        </activity>
26
27        <receiver android:name="com.greggz77.retroclock.RetroClockWidget" >
27-->src\main\AndroidManifest.xml:18:9-26:20
27-->src\main\AndroidManifest.xml:18:19-51
28            <intent-filter>
28-->src\main\AndroidManifest.xml:19:13-21:29
29                <action android:name="android.appwidget.action.APPWIDGET_UPDATE" />
29-->src\main\AndroidManifest.xml:20:17-84
29-->src\main\AndroidManifest.xml:20:25-81
30            </intent-filter>
31
32            <meta-data
32-->src\main\AndroidManifest.xml:23:13-25:67
33                android:name="android.appwidget.provider"
33-->src\main\AndroidManifest.xml:24:17-58
34                android:resource="@xml/retro_clock_widget_info" />
34-->src\main\AndroidManifest.xml:25:17-64
35        </receiver>
36
37        <activity android:name="com.greggz77.retroclock.MainActivity" >
37-->src\main\AndroidManifest.xml:28:9-35:20
37-->src\main\AndroidManifest.xml:28:19-47
38            <intent-filter>
38-->src\main\AndroidManifest.xml:29:13-34:29
39                <action android:name="android.intent.action.MAIN" />
39-->src\main\AndroidManifest.xml:30:17-69
39-->src\main\AndroidManifest.xml:30:25-66
40                <action android:name="android.intent.action.VIEW" />
40-->src\main\AndroidManifest.xml:31:17-69
40-->src\main\AndroidManifest.xml:31:25-66
41
42                <category android:name="android.intent.category.LAUNCHER" />
42-->src\main\AndroidManifest.xml:33:17-77
42-->src\main\AndroidManifest.xml:33:27-74
43            </intent-filter>
44        </activity>
45
46        <meta-data
46-->src\main\AndroidManifest.xml:37:9-39:57
47            android:name="preloaded_fonts"
47-->src\main\AndroidManifest.xml:38:13-43
48            android:resource="@array/preloaded_fonts" />
48-->src\main\AndroidManifest.xml:39:13-54
49    </application>
50
51</manifest>